[2025-11-26T17:28:47.041+0000] {manager.py:469} INFO - Processing files using up to 2 processes at a time 
[2025-11-26T17:28:47.042+0000] {manager.py:470} INFO - Process each file at most once every 30 seconds
[2025-11-26T17:28:47.043+0000] {manager.py:471} INFO - Checking for new files in /opt/airflow/dags every 300 seconds
[2025-11-26T17:28:47.043+0000] {manager.py:738} INFO - Searching for files in /opt/airflow/dags
[2025-11-26T17:28:47.047+0000] {manager.py:741} INFO - There are 0 files in /opt/airflow/dags
[2025-11-26T17:33:47.167+0000] {manager.py:738} INFO - Searching for files in /opt/airflow/dags
[2025-11-26T17:33:47.171+0000] {manager.py:741} INFO - There are 0 files in /opt/airflow/dags
[2025-11-26T17:38:47.168+0000] {manager.py:738} INFO - Searching for files in /opt/airflow/dags
[2025-11-26T17:38:47.173+0000] {manager.py:741} INFO - There are 0 files in /opt/airflow/dags
[2025-11-26T17:43:48.169+0000] {manager.py:738} INFO - Searching for files in /opt/airflow/dags
[2025-11-26T17:43:48.172+0000] {manager.py:741} INFO - There are 0 files in /opt/airflow/dags
[2025-11-26T17:48:49.166+0000] {manager.py:738} INFO - Searching for files in /opt/airflow/dags
[2025-11-26T17:48:49.168+0000] {manager.py:741} INFO - There are 0 files in /opt/airflow/dags
[2025-11-26T17:53:49.180+0000] {manager.py:738} INFO - Searching for files in /opt/airflow/dags
[2025-11-26T17:53:49.184+0000] {manager.py:741} INFO - There are 0 files in /opt/airflow/dags
[2025-11-26T17:58:49.256+0000] {manager.py:738} INFO - Searching for files in /opt/airflow/dags
[2025-11-26T17:58:49.260+0000] {manager.py:741} INFO - There are 0 files in /opt/airflow/dags
[2025-11-26T18:03:49.273+0000] {manager.py:738} INFO - Searching for files in /opt/airflow/dags
[2025-11-26T18:03:49.275+0000] {manager.py:741} INFO - There are 0 files in /opt/airflow/dags
[2025-11-26T18:08:50.270+0000] {manager.py:738} INFO - Searching for files in /opt/airflow/dags
[2025-11-26T18:08:50.274+0000] {manager.py:741} INFO - There are 0 files in /opt/airflow/dags
[2025-11-26T18:13:50.278+0000] {manager.py:738} INFO - Searching for files in /opt/airflow/dags
[2025-11-26T18:13:50.285+0000] {manager.py:741} INFO - There are 0 files in /opt/airflow/dags
[2025-11-26T18:18:50.280+0000] {manager.py:738} INFO - Searching for files in /opt/airflow/dags
[2025-11-26T18:18:50.285+0000] {manager.py:741} INFO - There are 0 files in /opt/airflow/dags
[2025-11-26T18:23:50.308+0000] {manager.py:738} INFO - Searching for files in /opt/airflow/dags
[2025-11-26T18:23:50.309+0000] {manager.py:741} INFO - There are 0 files in /opt/airflow/dags
[2025-11-26T18:28:50.395+0000] {manager.py:738} INFO - Searching for files in /opt/airflow/dags
[2025-11-26T18:28:50.399+0000] {manager.py:741} INFO - There are 0 files in /opt/airflow/dags
[2025-11-26T18:33:50.416+0000] {manager.py:738} INFO - Searching for files in /opt/airflow/dags
[2025-11-26T18:33:50.419+0000] {manager.py:741} INFO - There are 0 files in /opt/airflow/dags
[2025-11-26T18:38:50.436+0000] {manager.py:738} INFO - Searching for files in /opt/airflow/dags
[2025-11-26T18:38:50.440+0000] {manager.py:741} INFO - There are 0 files in /opt/airflow/dags
[2025-11-26T18:43:50.442+0000] {manager.py:738} INFO - Searching for files in /opt/airflow/dags
[2025-11-26T18:43:50.445+0000] {manager.py:741} INFO - There are 0 files in /opt/airflow/dags
[2025-11-26T18:48:51.442+0000] {manager.py:738} INFO - Searching for files in /opt/airflow/dags
[2025-11-26T18:48:51.450+0000] {manager.py:741} INFO - There are 0 files in /opt/airflow/dags
[2025-11-26T18:53:51.455+0000] {manager.py:738} INFO - Searching for files in /opt/airflow/dags
[2025-11-26T18:53:51.462+0000] {manager.py:741} INFO - There are 0 files in /opt/airflow/dags
[2025-11-26T18:58:51.569+0000] {manager.py:738} INFO - Searching for files in /opt/airflow/dags
[2025-11-26T18:58:51.570+0000] {manager.py:741} INFO - There are 0 files in /opt/airflow/dags
[2025-11-26T19:03:51.608+0000] {manager.py:738} INFO - Searching for files in /opt/airflow/dags
[2025-11-26T19:03:51.610+0000] {manager.py:741} INFO - There are 0 files in /opt/airflow/dags
[2025-11-26T19:08:51.877+0000] {manager.py:738} INFO - Searching for files in /opt/airflow/dags
[2025-11-26T19:08:51.881+0000] {manager.py:741} INFO - There are 0 files in /opt/airflow/dags
[2025-11-26T19:13:51.904+0000] {manager.py:738} INFO - Searching for files in /opt/airflow/dags
[2025-11-26T19:13:51.909+0000] {manager.py:741} INFO - There are 0 files in /opt/airflow/dags
[2025-11-26T19:18:51.916+0000] {manager.py:738} INFO - Searching for files in /opt/airflow/dags
[2025-11-26T19:18:51.919+0000] {manager.py:741} INFO - There are 0 files in /opt/airflow/dags
[2025-11-26T19:23:51.932+0000] {manager.py:738} INFO - Searching for files in /opt/airflow/dags
[2025-11-26T19:23:51.933+0000] {manager.py:741} INFO - There are 0 files in /opt/airflow/dags
[2025-11-26T19:28:52.056+0000] {manager.py:738} INFO - Searching for files in /opt/airflow/dags
[2025-11-26T19:28:52.059+0000] {manager.py:741} INFO - There are 0 files in /opt/airflow/dags
[2025-11-26T19:33:52.074+0000] {manager.py:738} INFO - Searching for files in /opt/airflow/dags
[2025-11-26T19:33:52.077+0000] {manager.py:741} INFO - There are 0 files in /opt/airflow/dags
[2025-11-26T19:38:52.148+0000] {manager.py:738} INFO - Searching for files in /opt/airflow/dags
[2025-11-26T19:38:52.156+0000] {manager.py:741} INFO - There are 0 files in /opt/airflow/dags
[2025-11-26T19:43:52.313+0000] {manager.py:738} INFO - Searching for files in /opt/airflow/dags
[2025-11-26T19:43:52.315+0000] {manager.py:741} INFO - There are 0 files in /opt/airflow/dags
[2025-11-26T19:48:52.448+0000] {manager.py:738} INFO - Searching for files in /opt/airflow/dags
[2025-11-26T19:48:52.452+0000] {manager.py:741} INFO - There are 0 files in /opt/airflow/dags
[2025-11-26T19:53:52.627+0000] {manager.py:738} INFO - Searching for files in /opt/airflow/dags
[2025-11-26T19:53:52.632+0000] {manager.py:741} INFO - There are 0 files in /opt/airflow/dags
[2025-11-26T19:58:52.866+0000] {manager.py:738} INFO - Searching for files in /opt/airflow/dags
[2025-11-26T19:58:52.870+0000] {manager.py:741} INFO - There are 0 files in /opt/airflow/dags
[2025-11-26T20:03:53.018+0000] {manager.py:738} INFO - Searching for files in /opt/airflow/dags
[2025-11-26T20:03:53.020+0000] {manager.py:741} INFO - There are 0 files in /opt/airflow/dags
[2025-11-26T20:08:53.173+0000] {manager.py:738} INFO - Searching for files in /opt/airflow/dags
[2025-11-26T20:08:53.177+0000] {manager.py:741} INFO - There are 0 files in /opt/airflow/dags
[2025-11-26T20:13:53.358+0000] {manager.py:738} INFO - Searching for files in /opt/airflow/dags
[2025-11-26T20:13:53.369+0000] {manager.py:741} INFO - There are 0 files in /opt/airflow/dags
[2025-11-26T20:18:53.502+0000] {manager.py:738} INFO - Searching for files in /opt/airflow/dags
[2025-11-26T20:18:53.508+0000] {manager.py:741} INFO - There are 0 files in /opt/airflow/dags
[2025-11-26T20:23:53.614+0000] {manager.py:738} INFO - Searching for files in /opt/airflow/dags
[2025-11-26T20:23:53.616+0000] {manager.py:741} INFO - There are 0 files in /opt/airflow/dags
[2025-11-26T20:28:53.863+0000] {manager.py:738} INFO - Searching for files in /opt/airflow/dags
[2025-11-26T20:28:53.866+0000] {manager.py:741} INFO - There are 0 files in /opt/airflow/dags
[2025-11-26T20:33:53.913+0000] {manager.py:738} INFO - Searching for files in /opt/airflow/dags
[2025-11-26T20:33:53.916+0000] {manager.py:741} INFO - There are 0 files in /opt/airflow/dags
[2025-11-26T20:38:53.938+0000] {manager.py:738} INFO - Searching for files in /opt/airflow/dags
[2025-11-26T20:38:53.941+0000] {manager.py:741} INFO - There are 0 files in /opt/airflow/dags
[2025-11-26T20:43:53.976+0000] {manager.py:738} INFO - Searching for files in /opt/airflow/dags
[2025-11-26T20:43:53.978+0000] {manager.py:741} INFO - There are 0 files in /opt/airflow/dags
[2025-11-26T20:48:53.986+0000] {manager.py:738} INFO - Searching for files in /opt/airflow/dags
[2025-11-26T20:48:53.991+0000] {manager.py:741} INFO - There are 0 files in /opt/airflow/dags
[2025-11-26T20:53:53.994+0000] {manager.py:738} INFO - Searching for files in /opt/airflow/dags
[2025-11-26T20:53:54.000+0000] {manager.py:741} INFO - There are 0 files in /opt/airflow/dags
[2025-11-26T20:58:54.075+0000] {manager.py:738} INFO - Searching for files in /opt/airflow/dags
[2025-11-26T20:58:54.081+0000] {manager.py:741} INFO - There are 0 files in /opt/airflow/dags
[2025-11-26T21:03:54.132+0000] {manager.py:738} INFO - Searching for files in /opt/airflow/dags
[2025-11-26T21:03:54.139+0000] {manager.py:741} INFO - There are 0 files in /opt/airflow/dags
[2025-11-26T21:08:54.185+0000] {manager.py:738} INFO - Searching for files in /opt/airflow/dags
[2025-11-26T21:08:54.188+0000] {manager.py:741} INFO - There are 0 files in /opt/airflow/dags
[2025-11-26T21:13:54.232+0000] {manager.py:738} INFO - Searching for files in /opt/airflow/dags
[2025-11-26T21:13:54.237+0000] {manager.py:741} INFO - There are 0 files in /opt/airflow/dags
[2025-11-26T21:18:54.291+0000] {manager.py:738} INFO - Searching for files in /opt/airflow/dags
[2025-11-26T21:18:54.295+0000] {manager.py:741} INFO - There are 0 files in /opt/airflow/dags
[2025-11-26T21:23:54.464+0000] {manager.py:738} INFO - Searching for files in /opt/airflow/dags
[2025-11-26T21:23:54.470+0000] {manager.py:741} INFO - There are 0 files in /opt/airflow/dags
[2025-11-26T21:28:54.875+0000] {manager.py:738} INFO - Searching for files in /opt/airflow/dags
[2025-11-26T21:28:54.878+0000] {manager.py:741} INFO - There are 0 files in /opt/airflow/dags
[2025-11-26T21:33:55.241+0000] {manager.py:738} INFO - Searching for files in /opt/airflow/dags
[2025-11-26T21:33:55.250+0000] {manager.py:741} INFO - There are 0 files in /opt/airflow/dags
[2025-11-26T21:38:55.586+0000] {manager.py:738} INFO - Searching for files in /opt/airflow/dags
[2025-11-26T21:38:55.595+0000] {manager.py:741} INFO - There are 0 files in /opt/airflow/dags
[2025-11-26T21:43:55.981+0000] {manager.py:738} INFO - Searching for files in /opt/airflow/dags
[2025-11-26T21:43:55.989+0000] {manager.py:741} INFO - There are 0 files in /opt/airflow/dags
[2025-11-26T21:48:56.367+0000] {manager.py:738} INFO - Searching for files in /opt/airflow/dags
[2025-11-26T21:48:56.375+0000] {manager.py:741} INFO - There are 0 files in /opt/airflow/dags
[2025-11-26T21:53:56.805+0000] {manager.py:738} INFO - Searching for files in /opt/airflow/dags
[2025-11-26T21:53:56.809+0000] {manager.py:741} INFO - There are 0 files in /opt/airflow/dags
[2025-11-26T21:58:57.347+0000] {manager.py:738} INFO - Searching for files in /opt/airflow/dags
[2025-11-26T21:58:57.352+0000] {manager.py:741} INFO - There are 0 files in /opt/airflow/dags
[2025-11-26T22:03:57.713+0000] {manager.py:738} INFO - Searching for files in /opt/airflow/dags
[2025-11-26T22:03:57.716+0000] {manager.py:741} INFO - There are 0 files in /opt/airflow/dags
[2025-11-26T22:08:58.080+0000] {manager.py:738} INFO - Searching for files in /opt/airflow/dags
[2025-11-26T22:08:58.086+0000] {manager.py:741} INFO - There are 0 files in /opt/airflow/dags
[2025-11-26T22:13:58.495+0000] {manager.py:738} INFO - Searching for files in /opt/airflow/dags
[2025-11-26T22:13:58.504+0000] {manager.py:741} INFO - There are 0 files in /opt/airflow/dags
[2025-11-26T22:18:58.905+0000] {manager.py:738} INFO - Searching for files in /opt/airflow/dags
[2025-11-26T22:18:58.910+0000] {manager.py:741} INFO - There are 0 files in /opt/airflow/dags
[2025-11-26T22:23:59.308+0000] {manager.py:738} INFO - Searching for files in /opt/airflow/dags
[2025-11-26T22:23:59.314+0000] {manager.py:741} INFO - There are 0 files in /opt/airflow/dags
[2025-11-26T22:29:00.277+0000] {manager.py:738} INFO - Searching for files in /opt/airflow/dags
[2025-11-26T22:29:00.283+0000] {manager.py:741} INFO - There are 0 files in /opt/airflow/dags
[2025-11-26T22:34:00.686+0000] {manager.py:738} INFO - Searching for files in /opt/airflow/dags
[2025-11-26T22:34:00.695+0000] {manager.py:741} INFO - There are 0 files in /opt/airflow/dags
[2025-11-26T22:39:01.084+0000] {manager.py:738} INFO - Searching for files in /opt/airflow/dags
[2025-11-26T22:39:01.096+0000] {manager.py:741} INFO - There are 0 files in /opt/airflow/dags
[2025-11-26T22:44:01.494+0000] {manager.py:738} INFO - Searching for files in /opt/airflow/dags
[2025-11-26T22:44:01.502+0000] {manager.py:741} INFO - There are 0 files in /opt/airflow/dags
[2025-11-26T22:49:01.897+0000] {manager.py:738} INFO - Searching for files in /opt/airflow/dags
[2025-11-26T22:49:01.900+0000] {manager.py:741} INFO - There are 0 files in /opt/airflow/dags
[2025-11-26T22:54:02.301+0000] {manager.py:738} INFO - Searching for files in /opt/airflow/dags
[2025-11-26T22:54:02.306+0000] {manager.py:741} INFO - There are 0 files in /opt/airflow/dags
[2025-11-26T22:59:02.746+0000] {manager.py:738} INFO - Searching for files in /opt/airflow/dags
[2025-11-26T22:59:02.749+0000] {manager.py:741} INFO - There are 0 files in /opt/airflow/dags
[2025-11-26T23:04:03.129+0000] {manager.py:738} INFO - Searching for files in /opt/airflow/dags
[2025-11-26T23:04:03.134+0000] {manager.py:741} INFO - There are 0 files in /opt/airflow/dags
[2025-11-26T23:09:03.335+0000] {manager.py:738} INFO - Searching for files in /opt/airflow/dags
[2025-11-26T23:09:03.346+0000] {manager.py:741} INFO - There are 0 files in /opt/airflow/dags
[2025-11-26T23:14:03.605+0000] {manager.py:738} INFO - Searching for files in /opt/airflow/dags
[2025-11-26T23:14:03.626+0000] {manager.py:741} INFO - There are 0 files in /opt/airflow/dags
[2025-11-27T08:45:09.531+0000] {manager.py:738} INFO - Searching for files in /opt/airflow/dags
[2025-11-27T08:45:09.533+0000] {manager.py:741} INFO - There are 0 files in /opt/airflow/dags
[2025-11-27T08:45:48.873+0000] {manager.py:451} INFO - Exiting gracefully upon receiving signal 15
[2025-11-27T16:20:17.936+0000] {manager.py:469} INFO - Processing files using up to 2 processes at a time 
[2025-11-27T16:20:17.937+0000] {manager.py:470} INFO - Process each file at most once every 30 seconds
[2025-11-27T16:20:17.938+0000] {manager.py:471} INFO - Checking for new files in /opt/airflow/dags every 300 seconds
[2025-11-27T16:20:17.939+0000] {manager.py:738} INFO - Searching for files in /opt/airflow/dags
[2025-11-27T16:20:17.945+0000] {manager.py:741} INFO - There are 0 files in /opt/airflow/dags
[2025-11-27T16:25:18.357+0000] {manager.py:738} INFO - Searching for files in /opt/airflow/dags
[2025-11-27T16:25:18.362+0000] {manager.py:741} INFO - There are 0 files in /opt/airflow/dags
